~o <VecSize> 26 <USER> <DIAGC>
<MSDInfo> 2 0 0 
<StreamInfo> 2 25 1 
<BeginHMM>
  <NumStates> 3
  <State> 2
  <Stream> 1
    <Mean> 25
      0.0 0.0 0.0 0.0 0.0 0.0 0.0 0.0 0.0 0.0 
      0.0 0.0 0.0 0.0 0.0 0.0 0.0 0.0 0.0 0.0 
      0.0 0.0 0.0 0.0 0.0 
    <Variance> 25
      1.0 1.0 1.0 1.0 1.0 1.0 1.0 1.0 1.0 1.0 
      1.0 1.0 1.0 1.0 1.0 1.0 1.0 1.0 1.0 1.0 
      1.0 1.0 1.0 1.0 1.0 
  <Stream> 2
    <Mean> 1
      0.0 
    <Variance> 1
      1.0 
  <TransP> 3
    0.000e+0 1.000e+0 0.000e+0 
    0.000e+0 0.000e+0 1.000e+0 
    0.000e+0 0.000e+0 0.000e+0 
<EndHMM>
